{
    "tasks": [
        {
            "id": 8,
            "profit": 1,
            "budget_per_block": {
                "0": {
                    "orders": {
                        "1.5": 0.012486992715920915,
                        "1.75": 0.014568158168574402,
                        "2": 0.01664932362122789,
                        "2.5": 0.02081165452653486,
                        "3": 0.02497398543184183,
                        "4": 0.03329864724245578,
                        "5": 0.04162330905306972,
                        "6": 0.04994797086368366,
                        "8": 0.06659729448491156,
                        "16": 0.1331945889698231,
                        "32": 0.2663891779396462,
                        "64": 0.5327783558792925
                    },
                    "dp_budget": {
                        "epsilon": 0.4942272396950822,
                        "delta": 1e-05,
                        "best_alpha": 32.0
                    }
                }
            },
            "allocated": true
        },
        {
            "id": 1,
            "profit": 1,
            "budget_per_block": {
                "0": {
                    "orders": {
                        "1.5": 0.09825270777518831,
                        "1.75": 0.11334286140833036,
                        "2": 0.12781017613148452,
                        "2.5": 0.15467068864729283,
                        "3": 0.17860391767355743,
                        "4": 0.21791009881951176,
                        "5": 0.24739922271312043,
                        "6": 0.2694349346406904,
                        "8": 0.298916812672545,
                        "16": 0.34425665179839077,
                        "32": 0.3664979396092727,
                        "64": 0.37747167324407627
                    },
                    "dp_budget": {
                        "epsilon": 0.47845414773007294,
                        "delta": 1e-05,
                        "best_alpha": 64.0
                    }
                }
            },
            "allocated": true
        },
        {
            "id": 2,
            "profit": 1,
            "budget_per_block": {
                "0": {
                    "orders": {
                        "1.5": 0.0274377463751422,
                        "1.75": 0.031904965319141575,
                        "2": 0.03631685571503854,
                        "2.5": 0.0449420825945383,
                        "3": 0.05325522082981981,
                        "4": 0.06877282273898361,
                        "5": 0.08264691709913283,
                        "6": 0.09482828597142184,
                        "8": 0.1144898845053915,
                        "16": 0.1540613031352858,
                        "32": 0.17616834640190812,
                        "64": 0.1871419606613546
                    },
                    "dp_budget": {
                        "epsilon": 0.2881244351473513,
                        "delta": 1e-05,
                        "best_alpha": 64.0
                    }
                }
            },
            "allocated": true
        },
        {
            "id": 11,
            "profit": 1,
            "budget_per_block": {
                "0": {
                    "orders": {
                        "1.5": 0.000794364781426097,
                        "1.75": 0.0009267842944767616,
                        "2": 0.0010592109932170966,
                        "2.5": 0.0013240861074237387,
                        "3": 0.0015889901698088607,
                        "4": 0.0021188852024883104,
                        "5": 0.0026488961433173567,
                        "6": 0.00317902304438949,
                        "8": 0.004239624935902663,
                        "16": 0.008486681358666013,
                        "32": 0.017003196109301427,
                        "64": 0.03412659411363775
                    },
                    "dp_budget": {
                        "epsilon": 0.13510906859963442,
                        "delta": 1e-05,
                        "best_alpha": 64.0
                    }
                }
            },
            "allocated": true
        },
        {
            "id": 4,
            "profit": 1,
            "budget_per_block": {
                "0": {
                    "orders": {
                        "1.5": 0.007247485389328539,
                        "1.75": 0.008447863456887944,
                        "2": 0.00964420784034461,
                        "2.5": 0.012022077938150005,
                        "3": 0.014375812634703729,
                        "4": 0.01899121496338417,
                        "5": 0.023454694505271864,
                        "6": 0.027737028371777186,
                        "8": 0.035676773434374316,
                        "16": 0.058664509757419,
                        "32": 0.0782057585889131,
                        "64": 0.08912220635473478
                    },
                    "dp_budget": {
                        "epsilon": 0.19010468084073143,
                        "delta": 1e-05,
                        "best_alpha": 64.0
                    }
                }
            },
            "allocated": true
        },
        {
            "id": 9,
            "profit": 1,
            "budget_per_block": {
                "0": {
                    "orders": {
                        "1.5": 0.0075,
                        "1.75": 0.00875,
                        "2": 0.01,
                        "2.5": 0.0125,
                        "3": 0.015,
                        "4": 0.02,
                        "5": 0.025,
                        "6": 0.03,
                        "8": 0.04,
                        "16": 0.08,
                        "32": 0.16,
                        "64": 0.32
                    },
                    "dp_budget": {
                        "epsilon": 0.3878380617554359,
                        "delta": 1e-05,
                        "best_alpha": 32.0
                    }
                }
            },
            "allocated": true
        },
        {
            "id": 12,
            "profit": 1,
            "budget_per_block": {
                "0": {
                    "orders": {
                        "1.5": 0.00026887781611654223,
                        "1.75": 0.0003136935871778211,
                        "2": 0.0003585102135454354,
                        "2.5": 0.00044814589816866146,
                        "3": 0.0005377847950954503,
                        "4": 0.0007170723624321296,
                        "5": 0.0008963729174483122,
                        "6": 0.001075686462031435,
                        "8": 0.0014343525275283462,
                        "16": 0.002869536752335241,
                        "32": 0.005742404190741913,
                        "64": 0.011498162400733442
                    },
                    "dp_budget": {
                        "epsilon": 0.1124806368867301,
                        "delta": 1e-05,
                        "best_alpha": 64.0
                    }
                }
            },
            "allocated": true
        },
        {
            "id": 5,
            "profit": 1,
            "budget_per_block": {
                "0": {
                    "orders": {
                        "1.5": 0.75,
                        "1.75": 0.875,
                        "2": 1.0,
                        "2.5": 1.25,
                        "3": 1.5,
                        "4": 2.0,
                        "5": 2.5,
                        "6": 3.0,
                        "8": 4.0,
                        "16": 8.0,
                        "32": 16.0,
                        "64": 32.0
                    },
                    "dp_budget": {
                        "epsilon": 4.752728336819822,
                        "delta": 1e-05,
                        "best_alpha": 5.0
                    }
                }
            },
            "allocated": true
        },
        {
            "id": 0,
            "profit": 1,
            "budget_per_block": {
                "0": {
                    "orders": {
                        "1.5": 9.424635856470541,
                        "1.75": 9.524433408089624,
                        "2": 9.594534891891882,
                        "2.5": 9.68666424716951,
                        "3": 9.744587188117004,
                        "4": 9.813461404021526,
                        "5": 9.85305333377447,
                        "6": 9.878772839285936,
                        "8": 9.910198762939661,
                        "16": 9.955906767850308,
                        "32": 9.978148425045424,
                        "64": 9.989122158680969
                    },
                    "dp_budget": {
                        "epsilon": 10.090104633166966,
                        "delta": 1e-05,
                        "best_alpha": 64.0
                    }
                }
            },
            "allocated": false
        },
        {
            "id": 14,
            "profit": 1,
            "budget_per_block": {
                "0": {
                    "orders": {
                        "1.5": 8.040089210939568e-05,
                        "1.75": 9.380130575231406e-05,
                        "2": 0.00010720178174311972,
                        "2.5": 0.00013400294207599472,
                        "3": 0.00016080440029558288,
                        "4": 0.00021440817077320067,
                        "5": 0.0002680130932203402,
                        "6": 0.0003216191676755357,
                        "8": 0.00042883477284215557,
                        "16": 0.0008577432838916762,
                        "32": 0.0017157816225549525,
                        "64": 0.003432744278937098
                    },
                    "dp_budget": {
                        "epsilon": 0.10441521876493376,
                        "delta": 1e-05,
                        "best_alpha": 64.0
                    }
                }
            },
            "allocated": true
        },
        {
            "id": 10,
            "profit": 1,
            "budget_per_block": {
                "0": {
                    "orders": {
                        "1.5": 0.013726622832519087,
                        "1.75": 0.016025820069451552,
                        "2": 0.018328321587549865,
                        "2.5": 0.02294329876446247,
                        "3": 0.027571678323292145,
                        "4": 0.036869156129974226,
                        "5": 0.04622181234651243,
                        "6": 0.05563076456288343,
                        "8": 0.07462239686190641,
                        "16": 6570.724463653402,
                        "32": 83775.32169859039,
                        "64": 234826.50706814698
                    },
                    "dp_budget": {
                        "epsilon": 1.2887315647074398,
                        "delta": 1e-05,
                        "best_alpha": 8.0
                    }
                }
            },
            "allocated": true
        },
        {
            "id": 13,
            "profit": 1,
            "budget_per_block": {
                "0": {
                    "orders": {
                        "1.5": 0.00013430832862983046,
                        "1.75": 0.00015669376453908955,
                        "2": 0.00017907942263629178,
                        "2.5": 0.00022385129305746432,
                        "3": 0.00026862396607074245,
                        "4": 0.0003581717312981872,
                        "5": 0.0004477227185462069,
                        "6": 0.0005372769280365547,
                        "8": 0.0007163950147093318,
                        "16": 0.001432996297816404,
                        "32": 0.00286681814686922,
                        "64": 0.005736942324355712
                    },
                    "dp_budget": {
                        "epsilon": 0.10671941681035238,
                        "delta": 1e-05,
                        "best_alpha": 64.0
                    }
                }
            },
            "allocated": true
        },
        {
            "id": 7,
            "profit": 1,
            "budget_per_block": {
                "0": {
                    "orders": {
                        "1.5": 0.024793388429752067,
                        "1.75": 0.028925619834710745,
                        "2": 0.03305785123966942,
                        "2.5": 0.04132231404958678,
                        "3": 0.049586776859504134,
                        "4": 0.06611570247933884,
                        "5": 0.08264462809917356,
                        "6": 0.09917355371900827,
                        "8": 0.1322314049586777,
                        "16": 0.2644628099173554,
                        "32": 0.5289256198347108,
                        "64": 1.0578512396694215
                    },
                    "dp_budget": {
                        "epsilon": 0.7567636815901466,
                        "delta": 1e-05,
                        "best_alpha": 32.0
                    }
                }
            },
            "allocated": true
        },
        {
            "id": 6,
            "profit": 1,
            "budget_per_block": {
                "0": {
                    "orders": {
                        "1.5": 0.07100591715976332,
                        "1.75": 0.08284023668639054,
                        "2": 0.09467455621301775,
                        "2.5": 0.11834319526627218,
                        "3": 0.14201183431952663,
                        "4": 0.1893491124260355,
                        "5": 0.23668639053254437,
                        "6": 0.28402366863905326,
                        "8": 0.378698224852071,
                        "16": 0.757396449704142,
                        "32": 1.514792899408284,
                        "64": 3.029585798816568
                    },
                    "dp_budget": {
                        "epsilon": 1.2755470447486008,
                        "delta": 1e-05,
                        "best_alpha": 16.0
                    }
                }
            },
            "allocated": true
        },
        {
            "id": 3,
            "profit": 1,
            "budget_per_block": {
                "0": {
                    "orders": {
                        "1.5": 0.012650943084892487,
                        "1.75": 0.01473662181462565,
                        "2": 0.016810164999080134,
                        "2.5": 0.020912952313256183,
                        "3": 0.024944291179814327,
                        "4": 0.032739812447299885,
                        "5": 0.04010792006720387,
                        "6": 0.04698816747649586,
                        "8": 0.05917786218875149,
                        "16": 0.08980516084329777,
                        "32": 0.11104601565581437,
                        "64": 0.12201252486094843
                    },
                    "dp_budget": {
                        "epsilon": 0.22299499934694508,
                        "delta": 1e-05,
                        "best_alpha": 64.0
                    }
                }
            },
            "allocated": true
        }
    ],
    "blocks": [
        {
            "id": 0,
            "initial_budget": {
                "orders": {
                    "1.5": 0,
                    "1.75": 0.7896596280238182,
                    "2": 3.092244721017863,
                    "2.5": 5.394829814011909,
                    "3": 6.546122360508932,
                    "4": 7.697414907005955,
                    "5": 8.273061180254466,
                    "6": 8.618448944203573,
                    "8": 9.013177817288266,
                    "16": 9.539482981401191,
                    "32": 9.777169184548963,
                    "64": 9.890353090809807
                },
                "dp_budget": {
                    "epsilon": 9.991335565295804,
                    "delta": 1e-05,
                    "best_alpha": 64.0
                }
            },
            "budget": {
                "orders": {
                    "1.5": -1.0263797555807888,
                    "1.75": -0.4063734916862406,
                    "2": 1.727249261259308,
                    "2.5": 3.69423146367109,
                    "3": 4.513242639925601,
                    "4": 5.009959802291981,
                    "5": 4.943015280965904,
                    "6": 4.655570964356426,
                    "8": 3.805947956078655,
                    "16": -6571.080469103818,
                    "32": -83784.77388336333,
                    "64": -234854.38747325877
                },
                "dp_budget": {
                    "epsilon": -234854.2864907843,
                    "delta": 1e-05,
                    "best_alpha": 64.0
                }
            }
        }
    ]
}